<?xml version="1.0" encoding="UTF-8"?>
<!-- Generated by org.testng.reporters.JUnitReportReporter -->
<testsuite hostname="DESKTOP-PC1B7O2" failures="0" tests="1" name="com.inetbanking.testCases.TC_LoginTest_001" time="11.893" errors="0" timestamp="15 Dec 2021 17:57:47 GMT" skipped="0">
  <testcase classname="com.inetbanking.testCases.TC_LoginTest_001" name="loginTest" time="11.893"/>
</testsuite> <!-- com.inetbanking.testCases.TC_LoginTest_001 -->
