<?xml version="1.0" encoding="UTF-8"?>
<!-- Generated by org.testng.reporters.JUnitReportReporter -->
<testsuite skipped="0" hostname="DESKTOP-PC1B7O2" name="com.inetbanking.testCases.TC_LoginTest_001" tests="1" failures="0" timestamp="16 Dec 2021 01:41:12 GMT" time="19.314" errors="0">
  <testcase name="loginTest" time="19.314" classname="com.inetbanking.testCases.TC_LoginTest_001"/>
</testsuite> <!-- com.inetbanking.testCases.TC_LoginTest_001 -->
